
*** Running vivado
    with args -log soma_sub4.vds -m64 -product Vivado -mode batch -messageDb vivado.pb -notrace -source soma_sub4.tcl


****** Vivado v2019.2 (64-bit)
  **** SW Build 2708876 on Wed Nov  6 21:40:23 MST 2019
  **** IP Build 2700528 on Thu Nov  7 00:09:20 MST 2019
    ** Copyright 1986-2019 Xilinx, Inc. All Rights Reserved.

source soma_sub4.tcl -notrace
Command: synth_design -top soma_sub4 -part xc7a35tcpg236-1
Starting synth_design
Attempting to get a license for feature 'Synthesis' and/or device 'xc7a35t'
INFO: [Common 17-349] Got license for feature 'Synthesis' and/or device 'xc7a35t'
INFO: [Device 21-403] Loading part xc7a35tcpg236-1
INFO: Launching helper process for spawning children vivado processes
INFO: Helper process launched with PID 25280 
---------------------------------------------------------------------------------
Starting RTL Elaboration : Time (s): cpu = 00:00:02 ; elapsed = 00:00:03 . Memory (MB): peak = 835.602 ; gain = 234.199
---------------------------------------------------------------------------------
INFO: [Synth 8-638] synthesizing module 'soma_sub4' [C:/Users/brunn/OneDrive/Documentos/UnBosta/PED_2022.2/experimento3/experimento3.srcs/sources_1/new/soma_sub4.vhd:13]
INFO: [Synth 8-3491] module 'comp1' declared at 'C:/Users/brunn/OneDrive/Documentos/UnBosta/PED_2022.2/experimento3/experimento3.srcs/sources_1/new/comp1.vhd:4' bound to instance 'c1' of component 'comp1' [C:/Users/brunn/OneDrive/Documentos/UnBosta/PED_2022.2/experimento3/experimento3.srcs/sources_1/new/soma_sub4.vhd:52]
INFO: [Synth 8-638] synthesizing module 'comp1' [C:/Users/brunn/OneDrive/Documentos/UnBosta/PED_2022.2/experimento3/experimento3.srcs/sources_1/new/comp1.vhd:10]
INFO: [Synth 8-256] done synthesizing module 'comp1' (1#1) [C:/Users/brunn/OneDrive/Documentos/UnBosta/PED_2022.2/experimento3/experimento3.srcs/sources_1/new/comp1.vhd:10]
INFO: [Synth 8-3491] module 'detector_overflow' declared at 'C:/Users/brunn/OneDrive/Documentos/UnBosta/PED_2022.2/experimento3/experimento3.srcs/sources_1/new/detector_overflow.vhd:4' bound to instance 'c2' of component 'detector_overflow' [C:/Users/brunn/OneDrive/Documentos/UnBosta/PED_2022.2/experimento3/experimento3.srcs/sources_1/new/soma_sub4.vhd:54]
INFO: [Synth 8-638] synthesizing module 'detector_overflow' [C:/Users/brunn/OneDrive/Documentos/UnBosta/PED_2022.2/experimento3/experimento3.srcs/sources_1/new/detector_overflow.vhd:11]
INFO: [Synth 8-256] done synthesizing module 'detector_overflow' (2#1) [C:/Users/brunn/OneDrive/Documentos/UnBosta/PED_2022.2/experimento3/experimento3.srcs/sources_1/new/detector_overflow.vhd:11]
INFO: [Synth 8-3491] module 'soma4' declared at 'C:/Users/brunn/OneDrive/Documentos/UnBosta/PED_2022.2/experimento3/experimento3.srcs/sources_1/new/soma4.vhd:4' bound to instance 'c3' of component 'soma4' [C:/Users/brunn/OneDrive/Documentos/UnBosta/PED_2022.2/experimento3/experimento3.srcs/sources_1/new/soma_sub4.vhd:55]
INFO: [Synth 8-638] synthesizing module 'soma4' [C:/Users/brunn/OneDrive/Documentos/UnBosta/PED_2022.2/experimento3/experimento3.srcs/sources_1/new/soma4.vhd:12]
INFO: [Synth 8-3491] module 'soma1' declared at 'C:/Users/brunn/OneDrive/Documentos/UnBosta/PED_2022.2/experimento3/experimento3.srcs/sources_1/new/soma1.vhd:4' bound to instance 'sum1' of component 'soma1' [C:/Users/brunn/OneDrive/Documentos/UnBosta/PED_2022.2/experimento3/experimento3.srcs/sources_1/new/soma4.vhd:26]
INFO: [Synth 8-638] synthesizing module 'soma1' [C:/Users/brunn/OneDrive/Documentos/UnBosta/PED_2022.2/experimento3/experimento3.srcs/sources_1/new/soma1.vhd:12]
INFO: [Synth 8-256] done synthesizing module 'soma1' (3#1) [C:/Users/brunn/OneDrive/Documentos/UnBosta/PED_2022.2/experimento3/experimento3.srcs/sources_1/new/soma1.vhd:12]
INFO: [Synth 8-3491] module 'soma1' declared at 'C:/Users/brunn/OneDrive/Documentos/UnBosta/PED_2022.2/experimento3/experimento3.srcs/sources_1/new/soma1.vhd:4' bound to instance 'sum2' of component 'soma1' [C:/Users/brunn/OneDrive/Documentos/UnBosta/PED_2022.2/experimento3/experimento3.srcs/sources_1/new/soma4.vhd:27]
INFO: [Synth 8-3491] module 'soma1' declared at 'C:/Users/brunn/OneDrive/Documentos/UnBosta/PED_2022.2/experimento3/experimento3.srcs/sources_1/new/soma1.vhd:4' bound to instance 'sum3' of component 'soma1' [C:/Users/brunn/OneDrive/Documentos/UnBosta/PED_2022.2/experimento3/experimento3.srcs/sources_1/new/soma4.vhd:28]
INFO: [Synth 8-3491] module 'soma1' declared at 'C:/Users/brunn/OneDrive/Documentos/UnBosta/PED_2022.2/experimento3/experimento3.srcs/sources_1/new/soma1.vhd:4' bound to instance 'sum4' of component 'soma1' [C:/Users/brunn/OneDrive/Documentos/UnBosta/PED_2022.2/experimento3/experimento3.srcs/sources_1/new/soma4.vhd:29]
INFO: [Synth 8-256] done synthesizing module 'soma4' (4#1) [C:/Users/brunn/OneDrive/Documentos/UnBosta/PED_2022.2/experimento3/experimento3.srcs/sources_1/new/soma4.vhd:12]
INFO: [Synth 8-3491] module 'and4' declared at 'C:/Users/brunn/OneDrive/Documentos/UnBosta/PED_2022.2/experimento3/experimento3.srcs/sources_1/new/and4.vhd:4' bound to instance 'c4' of component 'and4' [C:/Users/brunn/OneDrive/Documentos/UnBosta/PED_2022.2/experimento3/experimento3.srcs/sources_1/new/soma_sub4.vhd:57]
INFO: [Synth 8-638] synthesizing module 'xil_defaultlib_and4' [C:/Users/brunn/OneDrive/Documentos/UnBosta/PED_2022.2/experimento3/experimento3.srcs/sources_1/new/and4.vhd:10]
INFO: [Synth 8-3491] module 'and1' declared at 'C:/Users/brunn/OneDrive/Documentos/UnBosta/PED_2022.2/experimento3/experimento3.srcs/sources_1/new/and1.vhd:5' bound to instance 'sum1' of component 'and1' [C:/Users/brunn/OneDrive/Documentos/UnBosta/PED_2022.2/experimento3/experimento3.srcs/sources_1/new/and4.vhd:20]
INFO: [Synth 8-638] synthesizing module 'and1' [C:/Users/brunn/OneDrive/Documentos/UnBosta/PED_2022.2/experimento3/experimento3.srcs/sources_1/new/and1.vhd:11]
INFO: [Synth 8-256] done synthesizing module 'and1' (5#1) [C:/Users/brunn/OneDrive/Documentos/UnBosta/PED_2022.2/experimento3/experimento3.srcs/sources_1/new/and1.vhd:11]
INFO: [Synth 8-3491] module 'and1' declared at 'C:/Users/brunn/OneDrive/Documentos/UnBosta/PED_2022.2/experimento3/experimento3.srcs/sources_1/new/and1.vhd:5' bound to instance 'sum2' of component 'and1' [C:/Users/brunn/OneDrive/Documentos/UnBosta/PED_2022.2/experimento3/experimento3.srcs/sources_1/new/and4.vhd:21]
INFO: [Synth 8-3491] module 'and1' declared at 'C:/Users/brunn/OneDrive/Documentos/UnBosta/PED_2022.2/experimento3/experimento3.srcs/sources_1/new/and1.vhd:5' bound to instance 'sum3' of component 'and1' [C:/Users/brunn/OneDrive/Documentos/UnBosta/PED_2022.2/experimento3/experimento3.srcs/sources_1/new/and4.vhd:22]
INFO: [Synth 8-3491] module 'and1' declared at 'C:/Users/brunn/OneDrive/Documentos/UnBosta/PED_2022.2/experimento3/experimento3.srcs/sources_1/new/and1.vhd:5' bound to instance 'sum4' of component 'and1' [C:/Users/brunn/OneDrive/Documentos/UnBosta/PED_2022.2/experimento3/experimento3.srcs/sources_1/new/and4.vhd:23]
INFO: [Synth 8-256] done synthesizing module 'xil_defaultlib_and4' (6#1) [C:/Users/brunn/OneDrive/Documentos/UnBosta/PED_2022.2/experimento3/experimento3.srcs/sources_1/new/and4.vhd:10]
INFO: [Synth 8-3491] module 'or4' declared at 'C:/Users/brunn/OneDrive/Documentos/UnBosta/PED_2022.2/experimento3/experimento3.srcs/sources_1/new/or4.vhd:4' bound to instance 'c5' of component 'or4' [C:/Users/brunn/OneDrive/Documentos/UnBosta/PED_2022.2/experimento3/experimento3.srcs/sources_1/new/soma_sub4.vhd:59]
INFO: [Synth 8-638] synthesizing module 'xil_defaultlib_or4' [C:/Users/brunn/OneDrive/Documentos/UnBosta/PED_2022.2/experimento3/experimento3.srcs/sources_1/new/or4.vhd:10]
INFO: [Synth 8-3491] module 'or1' declared at 'C:/Users/brunn/OneDrive/Documentos/UnBosta/PED_2022.2/experimento3/experimento3.srcs/sources_1/new/or1.vhd:4' bound to instance 'sum1' of component 'or1' [C:/Users/brunn/OneDrive/Documentos/UnBosta/PED_2022.2/experimento3/experimento3.srcs/sources_1/new/or4.vhd:20]
INFO: [Synth 8-638] synthesizing module 'or1' [C:/Users/brunn/OneDrive/Documentos/UnBosta/PED_2022.2/experimento3/experimento3.srcs/sources_1/new/or1.vhd:10]
INFO: [Synth 8-256] done synthesizing module 'or1' (7#1) [C:/Users/brunn/OneDrive/Documentos/UnBosta/PED_2022.2/experimento3/experimento3.srcs/sources_1/new/or1.vhd:10]
INFO: [Synth 8-3491] module 'or1' declared at 'C:/Users/brunn/OneDrive/Documentos/UnBosta/PED_2022.2/experimento3/experimento3.srcs/sources_1/new/or1.vhd:4' bound to instance 'sum2' of component 'or1' [C:/Users/brunn/OneDrive/Documentos/UnBosta/PED_2022.2/experimento3/experimento3.srcs/sources_1/new/or4.vhd:21]
INFO: [Synth 8-3491] module 'or1' declared at 'C:/Users/brunn/OneDrive/Documentos/UnBosta/PED_2022.2/experimento3/experimento3.srcs/sources_1/new/or1.vhd:4' bound to instance 'sum3' of component 'or1' [C:/Users/brunn/OneDrive/Documentos/UnBosta/PED_2022.2/experimento3/experimento3.srcs/sources_1/new/or4.vhd:22]
INFO: [Synth 8-3491] module 'or1' declared at 'C:/Users/brunn/OneDrive/Documentos/UnBosta/PED_2022.2/experimento3/experimento3.srcs/sources_1/new/or1.vhd:4' bound to instance 'sum4' of component 'or1' [C:/Users/brunn/OneDrive/Documentos/UnBosta/PED_2022.2/experimento3/experimento3.srcs/sources_1/new/or4.vhd:23]
INFO: [Synth 8-256] done synthesizing module 'xil_defaultlib_or4' (8#1) [C:/Users/brunn/OneDrive/Documentos/UnBosta/PED_2022.2/experimento3/experimento3.srcs/sources_1/new/or4.vhd:10]
INFO: [Synth 8-256] done synthesizing module 'soma_sub4' (9#1) [C:/Users/brunn/OneDrive/Documentos/UnBosta/PED_2022.2/experimento3/experimento3.srcs/sources_1/new/soma_sub4.vhd:13]
---------------------------------------------------------------------------------
Finished RTL Elaboration : Time (s): cpu = 00:00:03 ; elapsed = 00:00:04 . Memory (MB): peak = 908.008 ; gain = 306.605
---------------------------------------------------------------------------------

Report Check Netlist: 
+------+------------------+-------+---------+-------+------------------+
|      |Item              |Errors |Warnings |Status |Description       |
+------+------------------+-------+---------+-------+------------------+
|1     |multi_driven_nets |      0|        0|Passed |Multi driven nets |
+------+------------------+-------+---------+-------+------------------+
---------------------------------------------------------------------------------
Start Handling Custom Attributes
---------------------------------------------------------------------------------
---------------------------------------------------------------------------------
Finished Handling Custom Attributes : Time (s): cpu = 00:00:03 ; elapsed = 00:00:04 . Memory (MB): peak = 908.008 ; gain = 306.605
---------------------------------------------------------------------------------
---------------------------------------------------------------------------------
Finished RTL Optimization Phase 1 : Time (s): cpu = 00:00:03 ; elapsed = 00:00:04 . Memory (MB): peak = 908.008 ; gain = 306.605
---------------------------------------------------------------------------------
Netlist sorting complete. Time (s): cpu = 00:00:00 ; elapsed = 00:00:00.001 . Memory (MB): peak = 908.008 ; gain = 0.000
INFO: [Project 1-570] Preparing netlist for logic optimization

Processing XDC Constraints
Initializing timing engine
Parsing XDC File [C:/Users/brunn/OneDrive/Documentos/UnBosta/PED_2022.2/experimento3/experimento3.srcs/constrs_1/new/Basys3_Master.xdc]
Finished Parsing XDC File [C:/Users/brunn/OneDrive/Documentos/UnBosta/PED_2022.2/experimento3/experimento3.srcs/constrs_1/new/Basys3_Master.xdc]
INFO: [Project 1-236] Implementation specific constraints were found while reading constraint file [C:/Users/brunn/OneDrive/Documentos/UnBosta/PED_2022.2/experimento3/experimento3.srcs/constrs_1/new/Basys3_Master.xdc]. These constraints will be ignored for synthesis but will be used in implementation. Impacted constraints are listed in the file [.Xil/soma_sub4_propImpl.xdc].
Resolution: To avoid this warning, move constraints listed in [.Xil/soma_sub4_propImpl.xdc] to another XDC file and exclude this new file from synthesis with the used_in_synthesis property (File Properties dialog in GUI) and re-run elaboration/synthesis.
Completed Processing XDC Constraints

Netlist sorting complete. Time (s): cpu = 00:00:00 ; elapsed = 00:00:00 . Memory (MB): peak = 991.355 ; gain = 0.000
INFO: [Project 1-111] Unisim Transformation Summary:
No Unisim elements were transformed.

Constraint Validation Runtime : Time (s): cpu = 00:00:00 ; elapsed = 00:00:00.001 . Memory (MB): peak = 991.355 ; gain = 0.000
---------------------------------------------------------------------------------
Finished Constraint Validation : Time (s): cpu = 00:00:08 ; elapsed = 00:00:08 . Memory (MB): peak = 991.355 ; gain = 389.953
---------------------------------------------------------------------------------
---------------------------------------------------------------------------------
Start Loading Part and Timing Information
---------------------------------------------------------------------------------
Loading part: xc7a35tcpg236-1
---------------------------------------------------------------------------------
Finished Loading Part and Timing Information : Time (s): cpu = 00:00:08 ; elapsed = 00:00:08 . Memory (MB): peak = 991.355 ; gain = 389.953
---------------------------------------------------------------------------------
---------------------------------------------------------------------------------
Start Applying 'set_property' XDC Constraints
---------------------------------------------------------------------------------
---------------------------------------------------------------------------------
Finished applying 'set_property' XDC Constraints : Time (s): cpu = 00:00:08 ; elapsed = 00:00:08 . Memory (MB): peak = 991.355 ; gain = 389.953
---------------------------------------------------------------------------------
WARNING: [Synth 8-327] inferring latch for variable 'r_reg' [C:/Users/brunn/OneDrive/Documentos/UnBosta/PED_2022.2/experimento3/experimento3.srcs/sources_1/new/soma_sub4.vhd:61]
---------------------------------------------------------------------------------
Finished RTL Optimization Phase 2 : Time (s): cpu = 00:00:08 ; elapsed = 00:00:08 . Memory (MB): peak = 991.355 ; gain = 389.953
---------------------------------------------------------------------------------

Report RTL Partitions: 
+-+--------------+------------+----------+
| |RTL Partition |Replication |Instances |
+-+--------------+------------+----------+
+-+--------------+------------+----------+
---------------------------------------------------------------------------------
Start RTL Component Statistics 
---------------------------------------------------------------------------------
Detailed RTL Component Info : 
+---XORs : 
	   3 Input      1 Bit         XORs := 4     
+---Muxes : 
	   2 Input      4 Bit        Muxes := 3     
---------------------------------------------------------------------------------
Finished RTL Component Statistics 
---------------------------------------------------------------------------------
---------------------------------------------------------------------------------
Start RTL Hierarchical Component Statistics 
---------------------------------------------------------------------------------
Hierarchical RTL Component report 
Module soma_sub4 
Detailed RTL Component Info : 
+---Muxes : 
	   2 Input      4 Bit        Muxes := 2     
Module comp1 
Detailed RTL Component Info : 
+---Muxes : 
	   2 Input      4 Bit        Muxes := 1     
Module soma1 
Detailed RTL Component Info : 
+---XORs : 
	   3 Input      1 Bit         XORs := 1     
---------------------------------------------------------------------------------
Finished RTL Hierarchical Component Statistics
---------------------------------------------------------------------------------
---------------------------------------------------------------------------------
Start Part Resource Summary
---------------------------------------------------------------------------------
Part Resources:
DSPs: 90 (col length:60)
BRAMs: 100 (col length: RAMB18 60 RAMB36 30)
---------------------------------------------------------------------------------
Finished Part Resource Summary
---------------------------------------------------------------------------------
---------------------------------------------------------------------------------
Start Cross Boundary and Area Optimization
---------------------------------------------------------------------------------
Warning: Parallel synthesis criteria is not met 
WARNING: [Synth 8-3332] Sequential element (r_reg[3]) is unused and will be removed from module soma_sub4.
WARNING: [Synth 8-3332] Sequential element (r_reg[2]) is unused and will be removed from module soma_sub4.
WARNING: [Synth 8-3332] Sequential element (r_reg[1]) is unused and will be removed from module soma_sub4.
WARNING: [Synth 8-3332] Sequential element (r_reg[0]) is unused and will be removed from module soma_sub4.
---------------------------------------------------------------------------------
Finished Cross Boundary and Area Optimization : Time (s): cpu = 00:00:09 ; elapsed = 00:00:09 . Memory (MB): peak = 991.355 ; gain = 389.953
---------------------------------------------------------------------------------

Report RTL Partitions: 
+-+--------------+------------+----------+
| |RTL Partition |Replication |Instances |
+-+--------------+------------+----------+
+-+--------------+------------+----------+
---------------------------------------------------------------------------------
Start Applying XDC Timing Constraints
---------------------------------------------------------------------------------
---------------------------------------------------------------------------------
Finished Applying XDC Timing Constraints : Time (s): cpu = 00:00:14 ; elapsed = 00:00:15 . Memory (MB): peak = 991.355 ; gain = 389.953
---------------------------------------------------------------------------------
---------------------------------------------------------------------------------
Start Timing Optimization
---------------------------------------------------------------------------------
---------------------------------------------------------------------------------
Finished Timing Optimization : Time (s): cpu = 00:00:14 ; elapsed = 00:00:15 . Memory (MB): peak = 991.355 ; gain = 389.953
---------------------------------------------------------------------------------

Report RTL Partitions: 
+-+--------------+------------+----------+
| |RTL Partition |Replication |Instances |
+-+--------------+------------+----------+
+-+--------------+------------+----------+
---------------------------------------------------------------------------------
Start Technology Mapping
---------------------------------------------------------------------------------
---------------------------------------------------------------------------------
Finished Technology Mapping : Time (s): cpu = 00:00:14 ; elapsed = 00:00:15 . Memory (MB): peak = 994.414 ; gain = 393.012
---------------------------------------------------------------------------------

Report RTL Partitions: 
+-+--------------+------------+----------+
| |RTL Partition |Replication |Instances |
+-+--------------+------------+----------+
+-+--------------+------------+----------+
---------------------------------------------------------------------------------
Start IO Insertion
---------------------------------------------------------------------------------
---------------------------------------------------------------------------------
Start Flattening Before IO Insertion
---------------------------------------------------------------------------------
---------------------------------------------------------------------------------
Finished Flattening Before IO Insertion
---------------------------------------------------------------------------------
---------------------------------------------------------------------------------
Start Final Netlist Cleanup
---------------------------------------------------------------------------------
---------------------------------------------------------------------------------
Finished Final Netlist Cleanup
---------------------------------------------------------------------------------
---------------------------------------------------------------------------------
Finished IO Insertion : Time (s): cpu = 00:00:17 ; elapsed = 00:00:18 . Memory (MB): peak = 1010.242 ; gain = 408.840
---------------------------------------------------------------------------------
---------------------------------------------------------------------------------
Start Renaming Generated Instances
---------------------------------------------------------------------------------
---------------------------------------------------------------------------------
Finished Renaming Generated Instances : Time (s): cpu = 00:00:17 ; elapsed = 00:00:18 . Memory (MB): peak = 1010.242 ; gain = 408.840
---------------------------------------------------------------------------------

Report RTL Partitions: 
+-+--------------+------------+----------+
| |RTL Partition |Replication |Instances |
+-+--------------+------------+----------+
+-+--------------+------------+----------+

Report Check Netlist: 
+------+------------------+-------+---------+-------+------------------+
|      |Item              |Errors |Warnings |Status |Description       |
+------+------------------+-------+---------+-------+------------------+
|1     |multi_driven_nets |      0|        0|Passed |Multi driven nets |
+------+------------------+-------+---------+-------+------------------+
---------------------------------------------------------------------------------
Start Rebuilding User Hierarchy
---------------------------------------------------------------------------------
---------------------------------------------------------------------------------
Finished Rebuilding User Hierarchy : Time (s): cpu = 00:00:17 ; elapsed = 00:00:18 . Memory (MB): peak = 1010.242 ; gain = 408.840
---------------------------------------------------------------------------------
---------------------------------------------------------------------------------
Start Renaming Generated Ports
---------------------------------------------------------------------------------
---------------------------------------------------------------------------------
Finished Renaming Generated Ports : Time (s): cpu = 00:00:17 ; elapsed = 00:00:18 . Memory (MB): peak = 1010.242 ; gain = 408.840
---------------------------------------------------------------------------------
---------------------------------------------------------------------------------
Start Handling Custom Attributes
---------------------------------------------------------------------------------
---------------------------------------------------------------------------------
Finished Handling Custom Attributes : Time (s): cpu = 00:00:17 ; elapsed = 00:00:18 . Memory (MB): peak = 1010.242 ; gain = 408.840
---------------------------------------------------------------------------------
---------------------------------------------------------------------------------
Start Renaming Generated Nets
---------------------------------------------------------------------------------
---------------------------------------------------------------------------------
Finished Renaming Generated Nets : Time (s): cpu = 00:00:17 ; elapsed = 00:00:18 . Memory (MB): peak = 1010.242 ; gain = 408.840
---------------------------------------------------------------------------------
---------------------------------------------------------------------------------
Start Writing Synthesis Report
---------------------------------------------------------------------------------

Report BlackBoxes: 
+-+--------------+----------+
| |BlackBox name |Instances |
+-+--------------+----------+
+-+--------------+----------+

Report Cell Usage: 
+------+-----+------+
|      |Cell |Count |
+------+-----+------+
|1     |LUT4 |     2|
|2     |LUT5 |     5|
|3     |LUT6 |     1|
|4     |IBUF |    10|
|5     |OBUF |     6|
+------+-----+------+

Report Instance Areas: 
+------+---------+-------+------+
|      |Instance |Module |Cells |
+------+---------+-------+------+
|1     |top      |       |    24|
+------+---------+-------+------+
---------------------------------------------------------------------------------
Finished Writing Synthesis Report : Time (s): cpu = 00:00:17 ; elapsed = 00:00:18 . Memory (MB): peak = 1010.242 ; gain = 408.840
---------------------------------------------------------------------------------
Synthesis finished with 0 errors, 0 critical warnings and 5 warnings.
Synthesis Optimization Runtime : Time (s): cpu = 00:00:12 ; elapsed = 00:00:16 . Memory (MB): peak = 1010.242 ; gain = 325.492
Synthesis Optimization Complete : Time (s): cpu = 00:00:17 ; elapsed = 00:00:18 . Memory (MB): peak = 1010.242 ; gain = 408.840
INFO: [Project 1-571] Translating synthesized netlist
Netlist sorting complete. Time (s): cpu = 00:00:00 ; elapsed = 00:00:00 . Memory (MB): peak = 1010.242 ; gain = 0.000
INFO: [Project 1-570] Preparing netlist for logic optimization
INFO: [Opt 31-138] Pushed 0 inverter(s) to 0 load pin(s).
Netlist sorting complete. Time (s): cpu = 00:00:00 ; elapsed = 00:00:00 . Memory (MB): peak = 1018.285 ; gain = 0.000
INFO: [Project 1-111] Unisim Transformation Summary:
No Unisim elements were transformed.

INFO: [Common 17-83] Releasing license: Synthesis
45 Infos, 5 Warnings, 0 Critical Warnings and 0 Errors encountered.
synth_design completed successfully
synth_design: Time (s): cpu = 00:00:20 ; elapsed = 00:00:22 . Memory (MB): peak = 1018.285 ; gain = 710.508
Netlist sorting complete. Time (s): cpu = 00:00:00 ; elapsed = 00:00:00 . Memory (MB): peak = 1018.285 ; gain = 0.000
WARNING: [Constraints 18-5210] No constraints selected for write.
Resolution: This message can indicate that there are no constraints for the design, or it can indicate that the used_in flags are set such that the constraints are ignored. This later case is used when running synth_design to not write synthesis constraints to the resulting checkpoint. Instead, project constraints are read when the synthesized design is opened.
INFO: [Common 17-1381] The checkpoint 'C:/Users/brunn/OneDrive/Documentos/UnBosta/PED_2022.2/experimento3/experimento3.runs/synth_1/soma_sub4.dcp' has been generated.
INFO: [runtcl-4] Executing : report_utilization -file soma_sub4_utilization_synth.rpt -pb soma_sub4_utilization_synth.pb
INFO: [Common 17-206] Exiting Vivado at Tue Jan 17 08:27:24 2023...
