#-----------------------------------------------------------
# Vivado v2019.2 (64-bit)
# SW Build 2708876 on Wed Nov  6 21:40:23 MST 2019
# IP Build 2700528 on Thu Nov  7 00:09:20 MST 2019
# Start of session at: Thu Jan 26 11:48:17 2023
# Process ID: 19424
# Current directory: C:/Users/brunn/OneDrive/Documentos/UnBosta/PED_2022.2/experimento3
# Command line: vivado.exe -gui_launcher_event rodinguilauncherevent10632 C:\Users\brunn\OneDrive\Documentos\UnBosta\PED_2022.2\experimento3\experimento3.xpr
# Log file: C:/Users/brunn/OneDrive/Documentos/UnBosta/PED_2022.2/experimento3/vivado.log
# Journal file: C:/Users/brunn/OneDrive/Documentos/UnBosta/PED_2022.2/experimento3\vivado.jou
#-----------------------------------------------------------
start_gui
open_project C:/Users/brunn/OneDrive/Documentos/UnBosta/PED_2022.2/experimento3/experimento3.xpr
Scanning sources...
Finished scanning sources
INFO: [IP_Flow 19-234] Refreshing IP repositories
INFO: [IP_Flow 19-1704] No user IP repositories specified
INFO: [IP_Flow 19-2313] Loaded Vivado IP repository 'C:/Xilinx/Vivado/2019.2/data/ip'.
update_compile_order -fileset sources_1
exit
INFO: [Common 17-206] Exiting Vivado at Thu Jan 26 11:48:38 2023...
